<?xml version="1.0" encoding="UTF-8" ?>
<!DOCTYPE mapper
	PUBLIC "-//mybatis.org//DTD Mapper 3.0//EN"
	"http://mybatis.org/dtd/mybatis-3-mapper.dtd">
 
<mapper namespace="TestMapper">
	
	<insert id="testInsert" parameterType="java.util.List">
	insert into tour(
		tour_no
		, tour_title
		, tour_loc
		, tour_desc
	) values
	<foreach collection="list" item="item" separator=" , ">
	 ( #{item.tour_no}, #{item.tour_title}, #{item.tour_loc}, #{item.tour_desc})
	 </foreach>
</insert>

</mapper>